生成启动时间为 2017/4/23 22:26:43。
     1>项目“M:\Src\Sdk\ZMStockCom\CPlusPlus_Demo\CPlusPlus_Demo.vcxproj”在节点 4 上(build 个目标)。
     1>InitializeBuildStatus:
         正在创建“Release\CPlusPlus_Demo.unsuccessfulbuild”，因为已指定“AlwaysCreate”。
       ClCompile:
         所有输出均为最新。
         C:\Program Files (x86)\Microsoft Visual Studio 10.0\VC\bin\CL.exe /c /nologo /W3 /WX- /O2 /Oy- /D WIN32 /D _WINDOWS /D STRICT /D NDEBUG /D _UNICODE /D UNICODE /Gm- /MT /GS /fp:precise /Zc:wchar_t /Zc:forScope /Yu"StdAfx.h" /Fp"Release\CPlusPlus_Demo.pch" /Fo"Release\\" /Fd"Release\vc100.pdb" /Gd /TP /analyze- /errorReport:prompt MainDlg.cpp
         MainDlg.cpp
       ResourceCompile:
         所有输出均为最新。
       Link:
         C:\Program Files (x86)\Microsoft Visual Studio 10.0\VC\bin\link.exe /ERRORREPORT:PROMPT /OUT:"Release\CPlusPlus_Demo.exe" /INCREMENTAL:NO /NOLOGO kernel32.lib user32.lib gdi32.lib winspool.lib comdlg32.lib advapi32.lib shell32.lib ole32.lib oleaut32.lib uuid.lib odbc32.lib odbccp32.lib /MANIFEST /ManifestFile:"Release\CPlusPlus_Demo.exe.intermediate.manifest" /MANIFESTUAC:"level='asInvoker' uiAccess='false'" /PDB:"M:\Src\Sdk\ZMStockCom\CPlusPlus_Demo\Release\CPlusPlus_Demo.pdb" /SUBSYSTEM:WINDOWS /TLBID:1 /DYNAMICBASE /NXCOMPAT /IMPLIB:"Release\CPlusPlus_Demo.lib" /MACHINE:X86 Release\CPlusPlus_Demo.res
         Release\CPlusPlus_Demo.obj
         Release\MainDlg.obj
         Release\stdafx.obj
         Release\StockComEvent.obj
         CPlusPlus_Demo.vcxproj -> M:\Src\Sdk\ZMStockCom\CPlusPlus_Demo\Release\CPlusPlus_Demo.exe
       Manifest:
         C:\Program Files (x86)\Microsoft SDKs\Windows\v7.0A\bin\mt.exe /nologo /verbose /outputresource:"Release\CPlusPlus_Demo.exe;#1" /manifest Release\CPlusPlus_Demo.exe.intermediate.manifest
       FinalizeBuildStatus:
         正在删除文件“Release\CPlusPlus_Demo.unsuccessfulbuild”。
         正在对“Release\CPlusPlus_Demo.lastbuildstate”执行 Touch 任务。
     1>已完成生成项目“M:\Src\Sdk\ZMStockCom\CPlusPlus_Demo\CPlusPlus_Demo.vcxproj”(build 个目标)的操作。

生成成功。

已用时间 00:00:07.23
