生成启动时间为 2017/4/23 10:24:27。
     1>项目“M:\Src\Sdk\ZMStockCom\CPlusPlus_Demo\CPlusPlus_Demo.vcxproj”在节点 2 上(build 个目标)。
     1>InitializeBuildStatus:
         正在创建“Debug\CPlusPlus_Demo.unsuccessfulbuild”，因为已指定“AlwaysCreate”。
       ClCompile:
         C:\Program Files (x86)\Microsoft Visual Studio 10.0\VC\bin\CL.exe /c /ZI /nologo /W3 /WX- /Od /Oy- /D WIN32 /D _WINDOWS /D STRICT /D _DEBUG /D _UNICODE /D UNICODE /Gm /EHsc /RTC1 /MTd /GS /fp:precise /Zc:wchar_t /Zc:forScope /Yc"StdAfx.h" /Fp"Debug\CPlusPlus_Demo.pch" /Fo"Debug\\" /Fd"Debug\vc100.pdb" /Gd /TP /analyze- /errorReport:prompt stdafx.cpp
         stdafx.cpp
         C:\Program Files (x86)\Microsoft Visual Studio 10.0\VC\bin\CL.exe /c /ZI /nologo /W3 /WX- /Od /Oy- /D WIN32 /D _WINDOWS /D STRICT /D _DEBUG /D _UNICODE /D UNICODE /Gm /EHsc /RTC1 /MTd /GS /fp:precise /Zc:wchar_t /Zc:forScope /Yu"StdAfx.h" /Fp"Debug\CPlusPlus_Demo.pch" /Fo"Debug\\" /Fd"Debug\vc100.pdb" /Gd /TP /analyze- /errorReport:prompt CPlusPlus_Demo.cpp MainDlg.cpp StockComEvent.cpp
         MainDlg.cpp
         正在生成代码...
         正在跳过...(未检测到相关更改)
         StockComEvent.cpp
         CPlusPlus_Demo.cpp
       ResourceCompile:
         所有输出均为最新。
       ManifestResourceCompile:
         所有输出均为最新。
       Link:
         C:\Program Files (x86)\Microsoft Visual Studio 10.0\VC\bin\link.exe /ERRORREPORT:PROMPT /OUT:"Debug\CPlusPlus_Demo.exe" /INCREMENTAL /NOLOGO kernel32.lib user32.lib gdi32.lib winspool.lib comdlg32.lib advapi32.lib shell32.lib ole32.lib oleaut32.lib uuid.lib odbc32.lib odbccp32.lib /MANIFEST /ManifestFile:"Debug\CPlusPlus_Demo.exe.intermediate.manifest" /MANIFESTUAC:"level='asInvoker' uiAccess='false'" /DEBUG /PDB:"M:\Src\Sdk\ZMStockCom\CPlusPlus_Demo\Debug\CPlusPlus_Demo.pdb" /SUBSYSTEM:WINDOWS /TLBID:1 /DYNAMICBASE /NXCOMPAT /IMPLIB:"Debug\CPlusPlus_Demo.lib" /MACHINE:X86 Debug\CPlusPlus_Demo.res
         Debug\CPlusPlus_Demo.exe.embed.manifest.res
         Debug\CPlusPlus_Demo.obj
         Debug\MainDlg.obj
         Debug\stdafx.obj
         Debug\StockComEvent.obj
       Manifest:
         C:\Program Files (x86)\Microsoft SDKs\Windows\v7.0A\bin\mt.exe /nologo /verbose /out:"Debug\CPlusPlus_Demo.exe.embed.manifest" /manifest Debug\CPlusPlus_Demo.exe.intermediate.manifest
         所有输出均为最新。
       LinkEmbedManifest:
         所有输出均为最新。
         CPlusPlus_Demo.vcxproj -> M:\Src\Sdk\ZMStockCom\CPlusPlus_Demo\Debug\CPlusPlus_Demo.exe
       FinalizeBuildStatus:
         正在删除文件“Debug\CPlusPlus_Demo.unsuccessfulbuild”。
         正在对“Debug\CPlusPlus_Demo.lastbuildstate”执行 Touch 任务。
     1>已完成生成项目“M:\Src\Sdk\ZMStockCom\CPlusPlus_Demo\CPlusPlus_Demo.vcxproj”(build 个目标)的操作。

生成成功。

已用时间 00:00:03.36
