生成启动时间为 2017/4/23 11:50:48。
     1>项目“M:\Src\Sdk\ZMStockCom\CPlusPlus_Demo\CPlusPlus_Demo.vcxproj”在节点 4 上(build 个目标)。
     1>InitializeBuildStatus:
         正在创建“x64\Release\CPlusPlus_Demo.unsuccessfulbuild”，因为已指定“AlwaysCreate”。
       ClCompile:
         C:\Program Files (x86)\Microsoft Visual Studio 10.0\VC\bin\x86_amd64\CL.exe /c /nologo /W3 /WX- /O2 /D WIN32 /D _WINDOWS /D STRICT /D NDEBUG /D _UNICODE /D UNICODE /Gm- /MT /GS /fp:precise /Zc:wchar_t /Zc:forScope /Yc"StdAfx.h" /Fp"x64\Release\CPlusPlus_Demo.pch" /Fo"x64\Release\\" /Fd"x64\Release\vc100.pdb" /Gd /TP /errorReport:prompt stdafx.cpp
         stdafx.cpp
         C:\Program Files (x86)\Microsoft Visual Studio 10.0\VC\bin\x86_amd64\CL.exe /c /nologo /W3 /WX- /O2 /D WIN32 /D _WINDOWS /D STRICT /D NDEBUG /D _UNICODE /D UNICODE /Gm- /MT /GS /fp:precise /Zc:wchar_t /Zc:forScope /Yu"StdAfx.h" /Fp"x64\Release\CPlusPlus_Demo.pch" /Fo"x64\Release\\" /Fd"x64\Release\vc100.pdb" /Gd /TP /errorReport:prompt CPlusPlus_Demo.cpp MainDlg.cpp StockComEvent.cpp
         CPlusPlus_Demo.cpp
         MainDlg.cpp
         StockComEvent.cpp
         Generating Code...
       ResourceCompile:
         所有输出均为最新。
       Link:
         C:\Program Files (x86)\Microsoft Visual Studio 10.0\VC\bin\x86_amd64\link.exe /ERRORREPORT:PROMPT /OUT:"x64\Release\CPlusPlus_Demo.exe" /INCREMENTAL:NO /NOLOGO kernel32.lib user32.lib gdi32.lib winspool.lib comdlg32.lib advapi32.lib shell32.lib ole32.lib oleaut32.lib uuid.lib odbc32.lib odbccp32.lib /MANIFEST /ManifestFile:"x64\Release\CPlusPlus_Demo.exe.intermediate.manifest" /MANIFESTUAC:"level='asInvoker' uiAccess='false'" /PDB:"M:\Src\Sdk\ZMStockCom\CPlusPlus_Demo\x64\Release\CPlusPlus_Demo.pdb" /SUBSYSTEM:WINDOWS /TLBID:1 /DYNAMICBASE /NXCOMPAT /IMPLIB:"x64\Release\CPlusPlus_Demo.lib" /MACHINE:X64 x64\Release\CPlusPlus_Demo.res
         x64\Release\CPlusPlus_Demo.obj
         x64\Release\MainDlg.obj
         x64\Release\stdafx.obj
         x64\Release\StockComEvent.obj
         CPlusPlus_Demo.vcxproj -> M:\Src\Sdk\ZMStockCom\CPlusPlus_Demo\x64\Release\CPlusPlus_Demo.exe
       Manifest:
         C:\Program Files (x86)\Microsoft SDKs\Windows\v7.0A\bin\mt.exe /nologo /verbose /outputresource:"x64\Release\CPlusPlus_Demo.exe;#1" /manifest x64\Release\CPlusPlus_Demo.exe.intermediate.manifest
       FinalizeBuildStatus:
         正在删除文件“x64\Release\CPlusPlus_Demo.unsuccessfulbuild”。
         正在对“x64\Release\CPlusPlus_Demo.lastbuildstate”执行 Touch 任务。
     1>已完成生成项目“M:\Src\Sdk\ZMStockCom\CPlusPlus_Demo\CPlusPlus_Demo.vcxproj”(build 个目标)的操作。

生成成功。

已用时间 00:00:03.65
